Changed directory to /opt/lampp/htdocs/SA_ytplayer_chat/session/.



***** 23-06-2013 20:02:30 => PERFORMING CLEANUP !!! *****
Session[xmB4IPLH]: 0    - Deleting this session...!
Session[smKO9xQw]: 0    - Deleting this session...!
Session[sZA75dyB]: 0    - Deleting this session...!
Session[hLEpMMM7]: 0    - Deleting this session...!
Session[ebOWUFIg]: 0    - Deleting this session...!
Session[ePdMaIgX]: 0    - Deleting this session...!
Session[dOObaGcS]: 0    - Deleting this session...!
Session[XbaQ1vTJ]: 0    - Deleting this session...!
Session[Gy2ueai8]: 0    - Deleting this session...!
Session[6PH4m0iF]: 0    - Deleting this session...!
Session[38c9WvJ5]: 0    - Deleting this session...!

***** 23-06-2013 20:02:30 => CLEANUP COMPLETED !!! *****



Changed directory to /opt/lampp/htdocs/SA_ytplayer_chat/session/.



***** 23-06-2013 20:02:58 => PERFORMING CLEANUP !!! *****
Session[xmB4IPLH]: 0    - Deleting this session...!
Session[smKO9xQw]: 0    - Deleting this session...!
Session[sZA75dyB]: 0    - Deleting this session...!
Session[hLEpMMM7]: 0    - Deleting this session...!
Session[ebOWUFIg]: 0    - Deleting this session...!
Session[ePdMaIgX]: 0    - Deleting this session...!
Session[dOObaGcS]: 0    - Deleting this session...!
Session[XbaQ1vTJ]: 0    - Deleting this session...!
Session[Gy2ueai8]: 0    - Deleting this session...!
Session[6PH4m0iF]: 0    - Deleting this session...!
Session[38c9WvJ5]: 0    - Deleting this session...!

***** 23-06-2013 20:02:58 => CLEANUP COMPLETED !!! *****



